[debug] [2024-07-30T12:54:55.452Z] ----------------------------------------------------------------------
[debug] [2024-07-30T12:54:55.455Z] Command:       C:\Program Files\nodejs\node.exe C:\Users\Mega stor\AppData\Roaming\npm\node_modules\firebase-tools\lib\bin\firebase.js init
[debug] [2024-07-30T12:54:55.456Z] CLI Version:   13.14.2
[debug] [2024-07-30T12:54:55.456Z] Platform:      win32
[debug] [2024-07-30T12:54:55.456Z] Node Version:  v20.13.1
[debug] [2024-07-30T12:54:55.456Z] Time:          Tue Jul 30 2024 15:54:55 GMT+0300 (توقيت شرق أوروبا الصيفي)
[debug] [2024-07-30T12:54:55.457Z] ----------------------------------------------------------------------
[debug] 
[debug] [2024-07-30T12:54:55.461Z] >>> [apiv2][query] GET https://firebase-public.firebaseio.com/cli.json [none]
[debug] [2024-07-30T12:54:55.533Z] > command requires scopes: ["email","openid","https://www.googleapis.com/auth/cloudplatformprojects.readonly","https://www.googleapis.com/auth/firebase","https://www.googleapis.com/auth/cloud-platform"]
[debug] [2024-07-30T12:54:55.534Z] > authorizing via signed-in user (hishamrehab309@gmail.com)
[info] 
     ######## #### ########  ######## ########     ###     ######  ########
     ##        ##  ##     ## ##       ##     ##  ##   ##  ##       ##
     ######    ##  ########  ######   ########  #########  ######  ######
     ##        ##  ##    ##  ##       ##     ## ##     ##       ## ##
     ##       #### ##     ## ######## ########  ##     ##  ######  ########

You're about to initialize a Firebase project in this directory:

  F:\Admin Panel

[debug] [2024-07-30T12:54:55.976Z] <<< [apiv2][status] GET https://firebase-public.firebaseio.com/cli.json 200
[debug] [2024-07-30T12:54:55.976Z] <<< [apiv2][body] GET https://firebase-public.firebaseio.com/cli.json {"cloudBuildErrorAfter":1594252800000,"cloudBuildWarnAfter":1590019200000,"defaultNode10After":1594252800000,"minVersion":"3.0.5","node8DeploysDisabledAfter":1613390400000,"node8RuntimeDisabledAfter":1615809600000,"node8WarnAfter":1600128000000}
[info] 
=== Project Setup
[info] 
[info] First, let's associate this project directory with a Firebase project.
[info] You can create multiple project aliases by running firebase use --add, 
[info] but for now we'll just set up a default project.
[info] 
[debug] [2024-07-30T12:55:05.391Z] > refreshing access token with scopes: []
[debug] [2024-07-30T12:55:05.392Z] >>> [apiv2][query] POST https://www.googleapis.com/oauth2/v3/token [none]
[debug] [2024-07-30T12:55:05.392Z] >>> [apiv2][body] POST https://www.googleapis.com/oauth2/v3/token [omitted]
[debug] [2024-07-30T12:55:05.668Z] <<< [apiv2][status] POST https://www.googleapis.com/oauth2/v3/token 200
[debug] [2024-07-30T12:55:05.668Z] <<< [apiv2][body] POST https://www.googleapis.com/oauth2/v3/token [omitted]
[debug] [2024-07-30T12:55:05.696Z] >>> [apiv2][query] GET https://firebase.googleapis.com/v1beta1/projects pageSize=100
[debug] [2024-07-30T12:55:06.323Z] <<< [apiv2][status] GET https://firebase.googleapis.com/v1beta1/projects 200
[debug] [2024-07-30T12:55:06.324Z] <<< [apiv2][body] GET https://firebase.googleapis.com/v1beta1/projects [omitted]
[info] i  Using project admin-panel-cd8f5 (Admin Panel) 
[info] 
=== Hosting Setup
[debug] [2024-07-30T12:55:14.588Z] >>> [apiv2][query] GET https://firebase.googleapis.com/v1beta1/projects/admin-panel-cd8f5 [none]
[debug] [2024-07-30T12:55:15.028Z] <<< [apiv2][status] GET https://firebase.googleapis.com/v1beta1/projects/admin-panel-cd8f5 200
[debug] [2024-07-30T12:55:15.028Z] <<< [apiv2][body] GET https://firebase.googleapis.com/v1beta1/projects/admin-panel-cd8f5 {"projectId":"admin-panel-cd8f5","projectNumber":"347356091437","displayName":"Admin Panel","name":"projects/admin-panel-cd8f5","resources":{"hostingSite":"admin-panel-cd8f5"},"state":"ACTIVE","etag":"1_08919e59-ba98-4820-a137-70d71be21658"}
[info] 
[info] Your public directory is the folder (relative to your project directory) that
[info] will contain Hosting assets to be uploaded with firebase deploy. If you
[info] have a build process for your assets, use your build's output directory.
[info] 
